[2m2025-06-11T04:26:42.409851Z[0m [[32m[1minfo     [0m] [1mEnvironment 'dev' is active   [0m
[2m2025-06-11T04:26:43.048285Z[0m [[32m[1minfo     [0m] [1mUsing systemdb state backend  [0m
[2m2025-06-11T04:26:43.372389Z[0m [[32m[1minfo     [0m] [1m/home/alexandrersf/projects/checkpoint2_meltano/checkpoint2_meltano_code/.meltano/extractors/tap-rest-api-msdk/venv/lib/python3.12/site-packages/fs/__init__.py:4: UserWarning: pkg_resources is deprecated as an API. See https://setuptools.pypa.io/en/latest/pkg_resources.html. The pkg_resources package is slated for removal as early as 2025-11-30. Refrain from using this package or pin to Setuptools<81.[0m [36mcmd_type[0m=[35melb[0m [36mconsumer[0m=[35mFalse[0m [36mjob_name[0m=[35mdev:tap-rest-api-msdk-to-target-parquet-api[0m [36mname[0m=[35mtap-rest-api-msdk[0m [36mproducer[0m=[35mTrue[0m [36mrun_id[0m=[35ma8448434-951b-43de-a4d4-2f4f8a14119b[0m [36mstdio[0m=[35mstderr[0m [36mstring_id[0m=[35mtap-rest-api-msdk[0m
[2m2025-06-11T04:26:43.372996Z[0m [[32m[1minfo     [0m] [1m  __import__("pkg_resources").declare_namespace(__name__)  # type: ignore[0m [36mcmd_type[0m=[35melb[0m [36mconsumer[0m=[35mFalse[0m [36mjob_name[0m=[35mdev:tap-rest-api-msdk-to-target-parquet-api[0m [36mname[0m=[35mtap-rest-api-msdk[0m [36mproducer[0m=[35mTrue[0m [36mrun_id[0m=[35ma8448434-951b-43de-a4d4-2f4f8a14119b[0m [36mstdio[0m=[35mstderr[0m [36mstring_id[0m=[35mtap-rest-api-msdk[0m
[2m2025-06-11T04:26:43.978129Z[0m [[32m[1minfo     [0m] [1mNo schema found. Inferring schema from API call.[0m [36mcmd_type[0m=[35melb[0m [36mconsumer[0m=[35mFalse[0m [36mjob_name[0m=[35mdev:tap-rest-api-msdk-to-target-parquet-api[0m [36mname[0m=[35mtap-rest-api-msdk[0m [36mproducer[0m=[35mTrue[0m [36mrun_id[0m=[35ma8448434-951b-43de-a4d4-2f4f8a14119b[0m [36mstdio[0m=[35mstderr[0m [36mstring_id[0m=[35mtap-rest-api-msdk[0m
[2m2025-06-11T04:26:58.872834Z[0m [[32m[1minfo     [0m] [1mJSONPath $.data[*] match count: 31465[0m [36mcmd_type[0m=[35melb[0m [36mconsumer[0m=[35mFalse[0m [36mjob_name[0m=[35mdev:tap-rest-api-msdk-to-target-parquet-api[0m [36mname[0m=[35mtap-rest-api-msdk[0m [36mproducer[0m=[35mTrue[0m [36mrun_id[0m=[35ma8448434-951b-43de-a4d4-2f4f8a14119b[0m [36mstdio[0m=[35mstderr[0m [36mstring_id[0m=[35mtap-rest-api-msdk[0m
[2m2025-06-11T04:26:58.895042Z[0m [[32m[1minfo     [0m] [1mBeginning full_table sync of 'SalesOrderHeader'...[0m [36mcmd_type[0m=[35melb[0m [36mconsumer[0m=[35mFalse[0m [36mjob_name[0m=[35mdev:tap-rest-api-msdk-to-target-parquet-api[0m [36mname[0m=[35mtap-rest-api-msdk[0m [36mproducer[0m=[35mTrue[0m [36mrun_id[0m=[35ma8448434-951b-43de-a4d4-2f4f8a14119b[0m [36mstdio[0m=[35mstderr[0m [36mstring_id[0m=[35mtap-rest-api-msdk[0m
[2m2025-06-11T04:26:58.895287Z[0m [[32m[1minfo     [0m] [1mTap has custom mapper. Using 1 provided map(s).[0m [36mcmd_type[0m=[35melb[0m [36mconsumer[0m=[35mFalse[0m [36mjob_name[0m=[35mdev:tap-rest-api-msdk-to-target-parquet-api[0m [36mname[0m=[35mtap-rest-api-msdk[0m [36mproducer[0m=[35mTrue[0m [36mrun_id[0m=[35ma8448434-951b-43de-a4d4-2f4f8a14119b[0m [36mstdio[0m=[35mstderr[0m [36mstring_id[0m=[35mtap-rest-api-msdk[0m
[2m2025-06-11T04:26:58.895510Z[0m [[32m[1minfo     [0m] [1mthe next_page_token_jsonpath = $.next_page.[0m [36mcmd_type[0m=[35melb[0m [36mconsumer[0m=[35mFalse[0m [36mjob_name[0m=[35mdev:tap-rest-api-msdk-to-target-parquet-api[0m [36mname[0m=[35mtap-rest-api-msdk[0m [36mproducer[0m=[35mTrue[0m [36mrun_id[0m=[35ma8448434-951b-43de-a4d4-2f4f8a14119b[0m [36mstdio[0m=[35mstderr[0m [36mstring_id[0m=[35mtap-rest-api-msdk[0m
[2m2025-06-11T04:26:58.900220Z[0m [[32m[1minfo     [0m] [1mInitializing 'target-parquet' target sink...[0m [36mcmd_type[0m=[35melb[0m [36mconsumer[0m=[35mTrue[0m [36mjob_name[0m=[35mdev:tap-rest-api-msdk-to-target-parquet-api[0m [36mname[0m=[35mtarget-parquet-api[0m [36mproducer[0m=[35mFalse[0m [36mrun_id[0m=[35ma8448434-951b-43de-a4d4-2f4f8a14119b[0m [36mstdio[0m=[35mstderr[0m [36mstring_id[0m=[35mtarget-parquet-api[0m
[2m2025-06-11T04:26:58.900528Z[0m [[32m[1minfo     [0m] [1mInitializing target sink for stream 'SalesOrderHeader'...[0m [36mcmd_type[0m=[35melb[0m [36mconsumer[0m=[35mTrue[0m [36mjob_name[0m=[35mdev:tap-rest-api-msdk-to-target-parquet-api[0m [36mname[0m=[35mtarget-parquet-api[0m [36mproducer[0m=[35mFalse[0m [36mrun_id[0m=[35ma8448434-951b-43de-a4d4-2f4f8a14119b[0m [36mstdio[0m=[35mstderr[0m [36mstring_id[0m=[35mtarget-parquet-api[0m
[2m2025-06-11T04:26:58.914938Z[0m [[32m[1minfo     [0m] [1mSetting up SalesOrderHeader   [0m [36mcmd_type[0m=[35melb[0m [36mconsumer[0m=[35mTrue[0m [36mjob_name[0m=[35mdev:tap-rest-api-msdk-to-target-parquet-api[0m [36mname[0m=[35mtarget-parquet-api[0m [36mproducer[0m=[35mFalse[0m [36mrun_id[0m=[35ma8448434-951b-43de-a4d4-2f4f8a14119b[0m [36mstdio[0m=[35mstderr[0m [36mstring_id[0m=[35mtarget-parquet-api[0m
[2m2025-06-11T04:27:10.011560Z[0m [[32m[1minfo     [0m] [1mMETRIC: {"type": "timer", "metric": "http_request_duration", "value": 7.368995, "tags": {"stream": "SalesOrderHeader", "endpoint": "/SalesOrderHeader", "http_status_code": 200, "status": "succeeded"}}[0m [36mcmd_type[0m=[35melb[0m [36mconsumer[0m=[35mFalse[0m [36mjob_name[0m=[35mdev:tap-rest-api-msdk-to-target-parquet-api[0m [36mname[0m=[35mtap-rest-api-msdk[0m [36mproducer[0m=[35mTrue[0m [36mrun_id[0m=[35ma8448434-951b-43de-a4d4-2f4f8a14119b[0m [36mstdio[0m=[35mstderr[0m [36mstring_id[0m=[35mtap-rest-api-msdk[0m
[2m2025-06-11T04:27:10.235441Z[0m [[32m[1minfo     [0m] [1mJSONPath $.data[*] match count: 31465[0m [36mcmd_type[0m=[35melb[0m [36mconsumer[0m=[35mFalse[0m [36mjob_name[0m=[35mdev:tap-rest-api-msdk-to-target-parquet-api[0m [36mname[0m=[35mtap-rest-api-msdk[0m [36mproducer[0m=[35mTrue[0m [36mrun_id[0m=[35ma8448434-951b-43de-a4d4-2f4f8a14119b[0m [36mstdio[0m=[35mstderr[0m [36mstring_id[0m=[35mtap-rest-api-msdk[0m
[2m2025-06-11T04:27:10.262529Z[0m [[32m[1minfo     [0m] [1mRecord validation failed      [0m [36mcmd_type[0m=[35melb[0m [36mconsumer[0m=[35mTrue[0m [36mjob_name[0m=[35mdev:tap-rest-api-msdk-to-target-parquet-api[0m [36mname[0m=[35mtarget-parquet-api[0m [36mproducer[0m=[35mFalse[0m [36mrun_id[0m=[35ma8448434-951b-43de-a4d4-2f4f8a14119b[0m [36mstdio[0m=[35mstderr[0m [36mstring_id[0m=[35mtarget-parquet-api[0m
[2m2025-06-11T04:27:10.262777Z[0m [[32m[1minfo     [0m] [1mTraceback (most recent call last):[0m [36mcmd_type[0m=[35melb[0m [36mconsumer[0m=[35mTrue[0m [36mjob_name[0m=[35mdev:tap-rest-api-msdk-to-target-parquet-api[0m [36mname[0m=[35mtarget-parquet-api[0m [36mproducer[0m=[35mFalse[0m [36mrun_id[0m=[35ma8448434-951b-43de-a4d4-2f4f8a14119b[0m [36mstdio[0m=[35mstderr[0m [36mstring_id[0m=[35mtarget-parquet-api[0m
[2m2025-06-11T04:27:10.262901Z[0m [[32m[1minfo     [0m] [1m  File "/home/alexandrersf/projects/checkpoint2_meltano/checkpoint2_meltano_code/.meltano/loaders/target-parquet/venv/lib/python3.12/site-packages/singer_sdk/sinks/core.py", line 127, in validate[0m [36mcmd_type[0m=[35melb[0m [36mconsumer[0m=[35mTrue[0m [36mjob_name[0m=[35mdev:tap-rest-api-msdk-to-target-parquet-api[0m [36mname[0m=[35mtarget-parquet-api[0m [36mproducer[0m=[35mFalse[0m [36mrun_id[0m=[35ma8448434-951b-43de-a4d4-2f4f8a14119b[0m [36mstdio[0m=[35mstderr[0m [36mstring_id[0m=[35mtarget-parquet-api[0m
[2m2025-06-11T04:27:10.263083Z[0m [[32m[1minfo     [0m] [1m    self.validator.validate(record)[0m [36mcmd_type[0m=[35melb[0m [36mconsumer[0m=[35mTrue[0m [36mjob_name[0m=[35mdev:tap-rest-api-msdk-to-target-parquet-api[0m [36mname[0m=[35mtarget-parquet-api[0m [36mproducer[0m=[35mFalse[0m [36mrun_id[0m=[35ma8448434-951b-43de-a4d4-2f4f8a14119b[0m [36mstdio[0m=[35mstderr[0m [36mstring_id[0m=[35mtarget-parquet-api[0m
[2m2025-06-11T04:27:10.263215Z[0m [[32m[1minfo     [0m] [1m  File "/home/alexandrersf/projects/checkpoint2_meltano/checkpoint2_meltano_code/.meltano/loaders/target-parquet/venv/lib/python3.12/site-packages/jsonschema/validators.py", line 451, in validate[0m [36mcmd_type[0m=[35melb[0m [36mconsumer[0m=[35mTrue[0m [36mjob_name[0m=[35mdev:tap-rest-api-msdk-to-target-parquet-api[0m [36mname[0m=[35mtarget-parquet-api[0m [36mproducer[0m=[35mFalse[0m [36mrun_id[0m=[35ma8448434-951b-43de-a4d4-2f4f8a14119b[0m [36mstdio[0m=[35mstderr[0m [36mstring_id[0m=[35mtarget-parquet-api[0m
[2m2025-06-11T04:27:10.263325Z[0m [[32m[1minfo     [0m] [1m    raise error               [0m [36mcmd_type[0m=[35melb[0m [36mconsumer[0m=[35mTrue[0m [36mjob_name[0m=[35mdev:tap-rest-api-msdk-to-target-parquet-api[0m [36mname[0m=[35mtarget-parquet-api[0m [36mproducer[0m=[35mFalse[0m [36mrun_id[0m=[35ma8448434-951b-43de-a4d4-2f4f8a14119b[0m [36mstdio[0m=[35mstderr[0m [36mstring_id[0m=[35mtarget-parquet-api[0m
[2m2025-06-11T04:27:10.263432Z[0m [[32m[1minfo     [0m] [1mjsonschema.exceptions.ValidationError: None is not of type 'integer'[0m [36mcmd_type[0m=[35melb[0m [36mconsumer[0m=[35mTrue[0m [36mjob_name[0m=[35mdev:tap-rest-api-msdk-to-target-parquet-api[0m [36mname[0m=[35mtarget-parquet-api[0m [36mproducer[0m=[35mFalse[0m [36mrun_id[0m=[35ma8448434-951b-43de-a4d4-2f4f8a14119b[0m [36mstdio[0m=[35mstderr[0m [36mstring_id[0m=[35mtarget-parquet-api[0m
[2m2025-06-11T04:27:10.263594Z[0m [[32m[1minfo     [0m] [1m                              [0m [36mcmd_type[0m=[35melb[0m [36mconsumer[0m=[35mTrue[0m [36mjob_name[0m=[35mdev:tap-rest-api-msdk-to-target-parquet-api[0m [36mname[0m=[35mtarget-parquet-api[0m [36mproducer[0m=[35mFalse[0m [36mrun_id[0m=[35ma8448434-951b-43de-a4d4-2f4f8a14119b[0m [36mstdio[0m=[35mstderr[0m [36mstring_id[0m=[35mtarget-parquet-api[0m
[2m2025-06-11T04:27:10.263746Z[0m [[32m[1minfo     [0m] [1mFailed validating 'type' in schema['properties']['CreditCardID']:[0m [36mcmd_type[0m=[35melb[0m [36mconsumer[0m=[35mTrue[0m [36mjob_name[0m=[35mdev:tap-rest-api-msdk-to-target-parquet-api[0m [36mname[0m=[35mtarget-parquet-api[0m [36mproducer[0m=[35mFalse[0m [36mrun_id[0m=[35ma8448434-951b-43de-a4d4-2f4f8a14119b[0m [36mstdio[0m=[35mstderr[0m [36mstring_id[0m=[35mtarget-parquet-api[0m
[2m2025-06-11T04:27:10.263934Z[0m [[32m[1minfo     [0m] [1m    {'type': 'integer'}       [0m [36mcmd_type[0m=[35melb[0m [36mconsumer[0m=[35mTrue[0m [36mjob_name[0m=[35mdev:tap-rest-api-msdk-to-target-parquet-api[0m [36mname[0m=[35mtarget-parquet-api[0m [36mproducer[0m=[35mFalse[0m [36mrun_id[0m=[35ma8448434-951b-43de-a4d4-2f4f8a14119b[0m [36mstdio[0m=[35mstderr[0m [36mstring_id[0m=[35mtarget-parquet-api[0m
[2m2025-06-11T04:27:10.264090Z[0m [[32m[1minfo     [0m] [1m                              [0m [36mcmd_type[0m=[35melb[0m [36mconsumer[0m=[35mTrue[0m [36mjob_name[0m=[35mdev:tap-rest-api-msdk-to-target-parquet-api[0m [36mname[0m=[35mtarget-parquet-api[0m [36mproducer[0m=[35mFalse[0m [36mrun_id[0m=[35ma8448434-951b-43de-a4d4-2f4f8a14119b[0m [36mstdio[0m=[35mstderr[0m [36mstring_id[0m=[35mtarget-parquet-api[0m
[2m2025-06-11T04:27:10.264225Z[0m [[32m[1minfo     [0m] [1mOn instance['CreditCardID']:  [0m [36mcmd_type[0m=[35melb[0m [36mconsumer[0m=[35mTrue[0m [36mjob_name[0m=[35mdev:tap-rest-api-msdk-to-target-parquet-api[0m [36mname[0m=[35mtarget-parquet-api[0m [36mproducer[0m=[35mFalse[0m [36mrun_id[0m=[35ma8448434-951b-43de-a4d4-2f4f8a14119b[0m [36mstdio[0m=[35mstderr[0m [36mstring_id[0m=[35mtarget-parquet-api[0m
[2m2025-06-11T04:27:10.264385Z[0m [[32m[1minfo     [0m] [1m    None                      [0m [36mcmd_type[0m=[35melb[0m [36mconsumer[0m=[35mTrue[0m [36mjob_name[0m=[35mdev:tap-rest-api-msdk-to-target-parquet-api[0m [36mname[0m=[35mtarget-parquet-api[0m [36mproducer[0m=[35mFalse[0m [36mrun_id[0m=[35ma8448434-951b-43de-a4d4-2f4f8a14119b[0m [36mstdio[0m=[35mstderr[0m [36mstring_id[0m=[35mtarget-parquet-api[0m
[2m2025-06-11T04:27:10.264505Z[0m [[32m[1minfo     [0m] [1m                              [0m [36mcmd_type[0m=[35melb[0m [36mconsumer[0m=[35mTrue[0m [36mjob_name[0m=[35mdev:tap-rest-api-msdk-to-target-parquet-api[0m [36mname[0m=[35mtarget-parquet-api[0m [36mproducer[0m=[35mFalse[0m [36mrun_id[0m=[35ma8448434-951b-43de-a4d4-2f4f8a14119b[0m [36mstdio[0m=[35mstderr[0m [36mstring_id[0m=[35mtarget-parquet-api[0m
[2m2025-06-11T04:27:10.264646Z[0m [[32m[1minfo     [0m] [1mThe above exception was the direct cause of the following exception:[0m [36mcmd_type[0m=[35melb[0m [36mconsumer[0m=[35mTrue[0m [36mjob_name[0m=[35mdev:tap-rest-api-msdk-to-target-parquet-api[0m [36mname[0m=[35mtarget-parquet-api[0m [36mproducer[0m=[35mFalse[0m [36mrun_id[0m=[35ma8448434-951b-43de-a4d4-2f4f8a14119b[0m [36mstdio[0m=[35mstderr[0m [36mstring_id[0m=[35mtarget-parquet-api[0m
[2m2025-06-11T04:27:10.264852Z[0m [[32m[1minfo     [0m] [1m                              [0m [36mcmd_type[0m=[35melb[0m [36mconsumer[0m=[35mTrue[0m [36mjob_name[0m=[35mdev:tap-rest-api-msdk-to-target-parquet-api[0m [36mname[0m=[35mtarget-parquet-api[0m [36mproducer[0m=[35mFalse[0m [36mrun_id[0m=[35ma8448434-951b-43de-a4d4-2f4f8a14119b[0m [36mstdio[0m=[35mstderr[0m [36mstring_id[0m=[35mtarget-parquet-api[0m
[2m2025-06-11T04:27:10.264984Z[0m [[32m[1minfo     [0m] [1mTraceback (most recent call last):[0m [36mcmd_type[0m=[35melb[0m [36mconsumer[0m=[35mTrue[0m [36mjob_name[0m=[35mdev:tap-rest-api-msdk-to-target-parquet-api[0m [36mname[0m=[35mtarget-parquet-api[0m [36mproducer[0m=[35mFalse[0m [36mrun_id[0m=[35ma8448434-951b-43de-a4d4-2f4f8a14119b[0m [36mstdio[0m=[35mstderr[0m [36mstring_id[0m=[35mtarget-parquet-api[0m
[2m2025-06-11T04:27:10.265084Z[0m [[32m[1minfo     [0m] [1m  File "/home/alexandrersf/projects/checkpoint2_meltano/checkpoint2_meltano_code/.meltano/loaders/target-parquet/venv/lib/python3.12/site-packages/singer_sdk/sinks/core.py", line 536, in _validate_and_parse[0m [36mcmd_type[0m=[35melb[0m [36mconsumer[0m=[35mTrue[0m [36mjob_name[0m=[35mdev:tap-rest-api-msdk-to-target-parquet-api[0m [36mname[0m=[35mtarget-parquet-api[0m [36mproducer[0m=[35mFalse[0m [36mrun_id[0m=[35ma8448434-951b-43de-a4d4-2f4f8a14119b[0m [36mstdio[0m=[35mstderr[0m [36mstring_id[0m=[35mtarget-parquet-api[0m
[2m2025-06-11T04:27:10.265215Z[0m [[32m[1minfo     [0m] [1m    self._validator.validate(record)[0m [36mcmd_type[0m=[35melb[0m [36mconsumer[0m=[35mTrue[0m [36mjob_name[0m=[35mdev:tap-rest-api-msdk-to-target-parquet-api[0m [36mname[0m=[35mtarget-parquet-api[0m [36mproducer[0m=[35mFalse[0m [36mrun_id[0m=[35ma8448434-951b-43de-a4d4-2f4f8a14119b[0m [36mstdio[0m=[35mstderr[0m [36mstring_id[0m=[35mtarget-parquet-api[0m
[2m2025-06-11T04:27:10.265324Z[0m [[32m[1minfo     [0m] [1m  File "/home/alexandrersf/projects/checkpoint2_meltano/checkpoint2_meltano_code/.meltano/loaders/target-parquet/venv/lib/python3.12/site-packages/singer_sdk/sinks/core.py", line 129, in validate[0m [36mcmd_type[0m=[35melb[0m [36mconsumer[0m=[35mTrue[0m [36mjob_name[0m=[35mdev:tap-rest-api-msdk-to-target-parquet-api[0m [36mname[0m=[35mtarget-parquet-api[0m [36mproducer[0m=[35mFalse[0m [36mrun_id[0m=[35ma8448434-951b-43de-a4d4-2f4f8a14119b[0m [36mstdio[0m=[35mstderr[0m [36mstring_id[0m=[35mtarget-parquet-api[0m
[2m2025-06-11T04:27:10.265430Z[0m [[32m[1minfo     [0m] [1m    raise InvalidRecord(e.message, record) from e[0m [36mcmd_type[0m=[35melb[0m [36mconsumer[0m=[35mTrue[0m [36mjob_name[0m=[35mdev:tap-rest-api-msdk-to-target-parquet-api[0m [36mname[0m=[35mtarget-parquet-api[0m [36mproducer[0m=[35mFalse[0m [36mrun_id[0m=[35ma8448434-951b-43de-a4d4-2f4f8a14119b[0m [36mstdio[0m=[35mstderr[0m [36mstring_id[0m=[35mtarget-parquet-api[0m
[2m2025-06-11T04:27:10.265621Z[0m [[32m[1minfo     [0m] [1msinger_sdk.exceptions.InvalidRecord: Record Message Validation Error: None is not of type 'integer'[0m [36mcmd_type[0m=[35melb[0m [36mconsumer[0m=[35mTrue[0m [36mjob_name[0m=[35mdev:tap-rest-api-msdk-to-target-parquet-api[0m [36mname[0m=[35mtarget-parquet-api[0m [36mproducer[0m=[35mFalse[0m [36mrun_id[0m=[35ma8448434-951b-43de-a4d4-2f4f8a14119b[0m [36mstdio[0m=[35mstderr[0m [36mstring_id[0m=[35mtarget-parquet-api[0m
[2m2025-06-11T04:27:10.265945Z[0m [[32m[1minfo     [0m] [1mTraceback (most recent call last):[0m [36mcmd_type[0m=[35melb[0m [36mconsumer[0m=[35mTrue[0m [36mjob_name[0m=[35mdev:tap-rest-api-msdk-to-target-parquet-api[0m [36mname[0m=[35mtarget-parquet-api[0m [36mproducer[0m=[35mFalse[0m [36mrun_id[0m=[35ma8448434-951b-43de-a4d4-2f4f8a14119b[0m [36mstdio[0m=[35mstderr[0m [36mstring_id[0m=[35mtarget-parquet-api[0m
[2m2025-06-11T04:27:10.266074Z[0m [[32m[1minfo     [0m] [1m  File "/home/alexandrersf/projects/checkpoint2_meltano/checkpoint2_meltano_code/.meltano/loaders/target-parquet/venv/lib/python3.12/site-packages/singer_sdk/sinks/core.py", line 127, in validate[0m [36mcmd_type[0m=[35melb[0m [36mconsumer[0m=[35mTrue[0m [36mjob_name[0m=[35mdev:tap-rest-api-msdk-to-target-parquet-api[0m [36mname[0m=[35mtarget-parquet-api[0m [36mproducer[0m=[35mFalse[0m [36mrun_id[0m=[35ma8448434-951b-43de-a4d4-2f4f8a14119b[0m [36mstdio[0m=[35mstderr[0m [36mstring_id[0m=[35mtarget-parquet-api[0m
[2m2025-06-11T04:27:10.266172Z[0m [[32m[1minfo     [0m] [1m    self.validator.validate(record)[0m [36mcmd_type[0m=[35melb[0m [36mconsumer[0m=[35mTrue[0m [36mjob_name[0m=[35mdev:tap-rest-api-msdk-to-target-parquet-api[0m [36mname[0m=[35mtarget-parquet-api[0m [36mproducer[0m=[35mFalse[0m [36mrun_id[0m=[35ma8448434-951b-43de-a4d4-2f4f8a14119b[0m [36mstdio[0m=[35mstderr[0m [36mstring_id[0m=[35mtarget-parquet-api[0m
[2m2025-06-11T04:27:10.266284Z[0m [[32m[1minfo     [0m] [1m  File "/home/alexandrersf/projects/checkpoint2_meltano/checkpoint2_meltano_code/.meltano/loaders/target-parquet/venv/lib/python3.12/site-packages/jsonschema/validators.py", line 451, in validate[0m [36mcmd_type[0m=[35melb[0m [36mconsumer[0m=[35mTrue[0m [36mjob_name[0m=[35mdev:tap-rest-api-msdk-to-target-parquet-api[0m [36mname[0m=[35mtarget-parquet-api[0m [36mproducer[0m=[35mFalse[0m [36mrun_id[0m=[35ma8448434-951b-43de-a4d4-2f4f8a14119b[0m [36mstdio[0m=[35mstderr[0m [36mstring_id[0m=[35mtarget-parquet-api[0m
[2m2025-06-11T04:27:10.266481Z[0m [[32m[1minfo     [0m] [1m    raise error               [0m [36mcmd_type[0m=[35melb[0m [36mconsumer[0m=[35mTrue[0m [36mjob_name[0m=[35mdev:tap-rest-api-msdk-to-target-parquet-api[0m [36mname[0m=[35mtarget-parquet-api[0m [36mproducer[0m=[35mFalse[0m [36mrun_id[0m=[35ma8448434-951b-43de-a4d4-2f4f8a14119b[0m [36mstdio[0m=[35mstderr[0m [36mstring_id[0m=[35mtarget-parquet-api[0m
[2m2025-06-11T04:27:10.266588Z[0m [[32m[1minfo     [0m] [1mjsonschema.exceptions.ValidationError: None is not of type 'integer'[0m [36mcmd_type[0m=[35melb[0m [36mconsumer[0m=[35mTrue[0m [36mjob_name[0m=[35mdev:tap-rest-api-msdk-to-target-parquet-api[0m [36mname[0m=[35mtarget-parquet-api[0m [36mproducer[0m=[35mFalse[0m [36mrun_id[0m=[35ma8448434-951b-43de-a4d4-2f4f8a14119b[0m [36mstdio[0m=[35mstderr[0m [36mstring_id[0m=[35mtarget-parquet-api[0m
[2m2025-06-11T04:27:10.266714Z[0m [[32m[1minfo     [0m] [1m                              [0m [36mcmd_type[0m=[35melb[0m [36mconsumer[0m=[35mTrue[0m [36mjob_name[0m=[35mdev:tap-rest-api-msdk-to-target-parquet-api[0m [36mname[0m=[35mtarget-parquet-api[0m [36mproducer[0m=[35mFalse[0m [36mrun_id[0m=[35ma8448434-951b-43de-a4d4-2f4f8a14119b[0m [36mstdio[0m=[35mstderr[0m [36mstring_id[0m=[35mtarget-parquet-api[0m
[2m2025-06-11T04:27:10.266825Z[0m [[32m[1minfo     [0m] [1mFailed validating 'type' in schema['properties']['CreditCardID']:[0m [36mcmd_type[0m=[35melb[0m [36mconsumer[0m=[35mTrue[0m [36mjob_name[0m=[35mdev:tap-rest-api-msdk-to-target-parquet-api[0m [36mname[0m=[35mtarget-parquet-api[0m [36mproducer[0m=[35mFalse[0m [36mrun_id[0m=[35ma8448434-951b-43de-a4d4-2f4f8a14119b[0m [36mstdio[0m=[35mstderr[0m [36mstring_id[0m=[35mtarget-parquet-api[0m
[2m2025-06-11T04:27:10.266921Z[0m [[32m[1minfo     [0m] [1m    {'type': 'integer'}       [0m [36mcmd_type[0m=[35melb[0m [36mconsumer[0m=[35mTrue[0m [36mjob_name[0m=[35mdev:tap-rest-api-msdk-to-target-parquet-api[0m [36mname[0m=[35mtarget-parquet-api[0m [36mproducer[0m=[35mFalse[0m [36mrun_id[0m=[35ma8448434-951b-43de-a4d4-2f4f8a14119b[0m [36mstdio[0m=[35mstderr[0m [36mstring_id[0m=[35mtarget-parquet-api[0m
[2m2025-06-11T04:27:10.267052Z[0m [[32m[1minfo     [0m] [1m                              [0m [36mcmd_type[0m=[35melb[0m [36mconsumer[0m=[35mTrue[0m [36mjob_name[0m=[35mdev:tap-rest-api-msdk-to-target-parquet-api[0m [36mname[0m=[35mtarget-parquet-api[0m [36mproducer[0m=[35mFalse[0m [36mrun_id[0m=[35ma8448434-951b-43de-a4d4-2f4f8a14119b[0m [36mstdio[0m=[35mstderr[0m [36mstring_id[0m=[35mtarget-parquet-api[0m
[2m2025-06-11T04:27:10.267150Z[0m [[32m[1minfo     [0m] [1mOn instance['CreditCardID']:  [0m [36mcmd_type[0m=[35melb[0m [36mconsumer[0m=[35mTrue[0m [36mjob_name[0m=[35mdev:tap-rest-api-msdk-to-target-parquet-api[0m [36mname[0m=[35mtarget-parquet-api[0m [36mproducer[0m=[35mFalse[0m [36mrun_id[0m=[35ma8448434-951b-43de-a4d4-2f4f8a14119b[0m [36mstdio[0m=[35mstderr[0m [36mstring_id[0m=[35mtarget-parquet-api[0m
[2m2025-06-11T04:27:10.267363Z[0m [[32m[1minfo     [0m] [1m    None                      [0m [36mcmd_type[0m=[35melb[0m [36mconsumer[0m=[35mTrue[0m [36mjob_name[0m=[35mdev:tap-rest-api-msdk-to-target-parquet-api[0m [36mname[0m=[35mtarget-parquet-api[0m [36mproducer[0m=[35mFalse[0m [36mrun_id[0m=[35ma8448434-951b-43de-a4d4-2f4f8a14119b[0m [36mstdio[0m=[35mstderr[0m [36mstring_id[0m=[35mtarget-parquet-api[0m
[2m2025-06-11T04:27:10.267524Z[0m [[32m[1minfo     [0m] [1m                              [0m [36mcmd_type[0m=[35melb[0m [36mconsumer[0m=[35mTrue[0m [36mjob_name[0m=[35mdev:tap-rest-api-msdk-to-target-parquet-api[0m [36mname[0m=[35mtarget-parquet-api[0m [36mproducer[0m=[35mFalse[0m [36mrun_id[0m=[35ma8448434-951b-43de-a4d4-2f4f8a14119b[0m [36mstdio[0m=[35mstderr[0m [36mstring_id[0m=[35mtarget-parquet-api[0m
[2m2025-06-11T04:27:10.267651Z[0m [[32m[1minfo     [0m] [1mThe above exception was the direct cause of the following exception:[0m [36mcmd_type[0m=[35melb[0m [36mconsumer[0m=[35mTrue[0m [36mjob_name[0m=[35mdev:tap-rest-api-msdk-to-target-parquet-api[0m [36mname[0m=[35mtarget-parquet-api[0m [36mproducer[0m=[35mFalse[0m [36mrun_id[0m=[35ma8448434-951b-43de-a4d4-2f4f8a14119b[0m [36mstdio[0m=[35mstderr[0m [36mstring_id[0m=[35mtarget-parquet-api[0m
[2m2025-06-11T04:27:10.267857Z[0m [[32m[1minfo     [0m] [1m                              [0m [36mcmd_type[0m=[35melb[0m [36mconsumer[0m=[35mTrue[0m [36mjob_name[0m=[35mdev:tap-rest-api-msdk-to-target-parquet-api[0m [36mname[0m=[35mtarget-parquet-api[0m [36mproducer[0m=[35mFalse[0m [36mrun_id[0m=[35ma8448434-951b-43de-a4d4-2f4f8a14119b[0m [36mstdio[0m=[35mstderr[0m [36mstring_id[0m=[35mtarget-parquet-api[0m
[2m2025-06-11T04:27:10.267963Z[0m [[32m[1minfo     [0m] [1mTraceback (most recent call last):[0m [36mcmd_type[0m=[35melb[0m [36mconsumer[0m=[35mTrue[0m [36mjob_name[0m=[35mdev:tap-rest-api-msdk-to-target-parquet-api[0m [36mname[0m=[35mtarget-parquet-api[0m [36mproducer[0m=[35mFalse[0m [36mrun_id[0m=[35ma8448434-951b-43de-a4d4-2f4f8a14119b[0m [36mstdio[0m=[35mstderr[0m [36mstring_id[0m=[35mtarget-parquet-api[0m
[2m2025-06-11T04:27:10.268103Z[0m [[32m[1minfo     [0m] [1m  File "/home/alexandrersf/projects/checkpoint2_meltano/checkpoint2_meltano_code/.meltano/loaders/target-parquet/venv/bin/target-parquet", line 8, in <module>[0m [36mcmd_type[0m=[35melb[0m [36mconsumer[0m=[35mTrue[0m [36mjob_name[0m=[35mdev:tap-rest-api-msdk-to-target-parquet-api[0m [36mname[0m=[35mtarget-parquet-api[0m [36mproducer[0m=[35mFalse[0m [36mrun_id[0m=[35ma8448434-951b-43de-a4d4-2f4f8a14119b[0m [36mstdio[0m=[35mstderr[0m [36mstring_id[0m=[35mtarget-parquet-api[0m
[2m2025-06-11T04:27:10.268208Z[0m [[32m[1minfo     [0m] [1m    sys.exit(TargetParquet.cli())[0m [36mcmd_type[0m=[35melb[0m [36mconsumer[0m=[35mTrue[0m [36mjob_name[0m=[35mdev:tap-rest-api-msdk-to-target-parquet-api[0m [36mname[0m=[35mtarget-parquet-api[0m [36mproducer[0m=[35mFalse[0m [36mrun_id[0m=[35ma8448434-951b-43de-a4d4-2f4f8a14119b[0m [36mstdio[0m=[35mstderr[0m [36mstring_id[0m=[35mtarget-parquet-api[0m
[2m2025-06-11T04:27:10.268337Z[0m [[32m[1minfo     [0m] [1m             ^^^^^^^^^^^^^^^^^^^[0m [36mcmd_type[0m=[35melb[0m [36mconsumer[0m=[35mTrue[0m [36mjob_name[0m=[35mdev:tap-rest-api-msdk-to-target-parquet-api[0m [36mname[0m=[35mtarget-parquet-api[0m [36mproducer[0m=[35mFalse[0m [36mrun_id[0m=[35ma8448434-951b-43de-a4d4-2f4f8a14119b[0m [36mstdio[0m=[35mstderr[0m [36mstring_id[0m=[35mtarget-parquet-api[0m
[2m2025-06-11T04:27:10.268441Z[0m [[32m[1minfo     [0m] [1m  File "/home/alexandrersf/projects/checkpoint2_meltano/checkpoint2_meltano_code/.meltano/loaders/target-parquet/venv/lib/python3.12/site-packages/click/core.py", line 1442, in __call__[0m [36mcmd_type[0m=[35melb[0m [36mconsumer[0m=[35mTrue[0m [36mjob_name[0m=[35mdev:tap-rest-api-msdk-to-target-parquet-api[0m [36mname[0m=[35mtarget-parquet-api[0m [36mproducer[0m=[35mFalse[0m [36mrun_id[0m=[35ma8448434-951b-43de-a4d4-2f4f8a14119b[0m [36mstdio[0m=[35mstderr[0m [36mstring_id[0m=[35mtarget-parquet-api[0m
[2m2025-06-11T04:27:10.268542Z[0m [[32m[1minfo     [0m] [1m    return self.main(*args, **kwargs)[0m [36mcmd_type[0m=[35melb[0m [36mconsumer[0m=[35mTrue[0m [36mjob_name[0m=[35mdev:tap-rest-api-msdk-to-target-parquet-api[0m [36mname[0m=[35mtarget-parquet-api[0m [36mproducer[0m=[35mFalse[0m [36mrun_id[0m=[35ma8448434-951b-43de-a4d4-2f4f8a14119b[0m [36mstdio[0m=[35mstderr[0m [36mstring_id[0m=[35mtarget-parquet-api[0m
[2m2025-06-11T04:27:10.268732Z[0m [[32m[1minfo     [0m] [1m           ^^^^^^^^^^^^^^^^^^^^^^^^^^[0m [36mcmd_type[0m=[35melb[0m [36mconsumer[0m=[35mTrue[0m [36mjob_name[0m=[35mdev:tap-rest-api-msdk-to-target-parquet-api[0m [36mname[0m=[35mtarget-parquet-api[0m [36mproducer[0m=[35mFalse[0m [36mrun_id[0m=[35ma8448434-951b-43de-a4d4-2f4f8a14119b[0m [36mstdio[0m=[35mstderr[0m [36mstring_id[0m=[35mtarget-parquet-api[0m
[2m2025-06-11T04:27:10.268940Z[0m [[32m[1minfo     [0m] [1m  File "/home/alexandrersf/projects/checkpoint2_meltano/checkpoint2_meltano_code/.meltano/loaders/target-parquet/venv/lib/python3.12/site-packages/click/core.py", line 1363, in main[0m [36mcmd_type[0m=[35melb[0m [36mconsumer[0m=[35mTrue[0m [36mjob_name[0m=[35mdev:tap-rest-api-msdk-to-target-parquet-api[0m [36mname[0m=[35mtarget-parquet-api[0m [36mproducer[0m=[35mFalse[0m [36mrun_id[0m=[35ma8448434-951b-43de-a4d4-2f4f8a14119b[0m [36mstdio[0m=[35mstderr[0m [36mstring_id[0m=[35mtarget-parquet-api[0m
[2m2025-06-11T04:27:10.269052Z[0m [[32m[1minfo     [0m] [1m    rv = self.invoke(ctx)     [0m [36mcmd_type[0m=[35melb[0m [36mconsumer[0m=[35mTrue[0m [36mjob_name[0m=[35mdev:tap-rest-api-msdk-to-target-parquet-api[0m [36mname[0m=[35mtarget-parquet-api[0m [36mproducer[0m=[35mFalse[0m [36mrun_id[0m=[35ma8448434-951b-43de-a4d4-2f4f8a14119b[0m [36mstdio[0m=[35mstderr[0m [36mstring_id[0m=[35mtarget-parquet-api[0m
[2m2025-06-11T04:27:10.269251Z[0m [[32m[1minfo     [0m] [1m         ^^^^^^^^^^^^^^^^     [0m [36mcmd_type[0m=[35melb[0m [36mconsumer[0m=[35mTrue[0m [36mjob_name[0m=[35mdev:tap-rest-api-msdk-to-target-parquet-api[0m [36mname[0m=[35mtarget-parquet-api[0m [36mproducer[0m=[35mFalse[0m [36mrun_id[0m=[35ma8448434-951b-43de-a4d4-2f4f8a14119b[0m [36mstdio[0m=[35mstderr[0m [36mstring_id[0m=[35mtarget-parquet-api[0m
[2m2025-06-11T04:27:10.269409Z[0m [[32m[1minfo     [0m] [1m  File "/home/alexandrersf/projects/checkpoint2_meltano/checkpoint2_meltano_code/.meltano/loaders/target-parquet/venv/lib/python3.12/site-packages/singer_sdk/plugin_base.py", line 98, in invoke[0m [36mcmd_type[0m=[35melb[0m [36mconsumer[0m=[35mTrue[0m [36mjob_name[0m=[35mdev:tap-rest-api-msdk-to-target-parquet-api[0m [36mname[0m=[35mtarget-parquet-api[0m [36mproducer[0m=[35mFalse[0m [36mrun_id[0m=[35ma8448434-951b-43de-a4d4-2f4f8a14119b[0m [36mstdio[0m=[35mstderr[0m [36mstring_id[0m=[35mtarget-parquet-api[0m
[2m2025-06-11T04:27:10.269583Z[0m [[32m[1minfo     [0m] [1m    return super().invoke(ctx)[0m [36mcmd_type[0m=[35melb[0m [36mconsumer[0m=[35mTrue[0m [36mjob_name[0m=[35mdev:tap-rest-api-msdk-to-target-parquet-api[0m [36mname[0m=[35mtarget-parquet-api[0m [36mproducer[0m=[35mFalse[0m [36mrun_id[0m=[35ma8448434-951b-43de-a4d4-2f4f8a14119b[0m [36mstdio[0m=[35mstderr[0m [36mstring_id[0m=[35mtarget-parquet-api[0m
[2m2025-06-11T04:27:10.269704Z[0m [[32m[1minfo     [0m] [1m           ^^^^^^^^^^^^^^^^^^^[0m [36mcmd_type[0m=[35melb[0m [36mconsumer[0m=[35mTrue[0m [36mjob_name[0m=[35mdev:tap-rest-api-msdk-to-target-parquet-api[0m [36mname[0m=[35mtarget-parquet-api[0m [36mproducer[0m=[35mFalse[0m [36mrun_id[0m=[35ma8448434-951b-43de-a4d4-2f4f8a14119b[0m [36mstdio[0m=[35mstderr[0m [36mstring_id[0m=[35mtarget-parquet-api[0m
[2m2025-06-11T04:27:10.269801Z[0m [[32m[1minfo     [0m] [1m  File "/home/alexandrersf/projects/checkpoint2_meltano/checkpoint2_meltano_code/.meltano/loaders/target-parquet/venv/lib/python3.12/site-packages/click/core.py", line 1226, in invoke[0m [36mcmd_type[0m=[35melb[0m [36mconsumer[0m=[35mTrue[0m [36mjob_name[0m=[35mdev:tap-rest-api-msdk-to-target-parquet-api[0m [36mname[0m=[35mtarget-parquet-api[0m [36mproducer[0m=[35mFalse[0m [36mrun_id[0m=[35ma8448434-951b-43de-a4d4-2f4f8a14119b[0m [36mstdio[0m=[35mstderr[0m [36mstring_id[0m=[35mtarget-parquet-api[0m
[2m2025-06-11T04:27:10.269900Z[0m [[32m[1minfo     [0m] [1m    return ctx.invoke(self.callback, **ctx.params)[0m [36mcmd_type[0m=[35melb[0m [36mconsumer[0m=[35mTrue[0m [36mjob_name[0m=[35mdev:tap-rest-api-msdk-to-target-parquet-api[0m [36mname[0m=[35mtarget-parquet-api[0m [36mproducer[0m=[35mFalse[0m [36mrun_id[0m=[35ma8448434-951b-43de-a4d4-2f4f8a14119b[0m [36mstdio[0m=[35mstderr[0m [36mstring_id[0m=[35mtarget-parquet-api[0m
[2m2025-06-11T04:27:10.270013Z[0m [[32m[1minfo     [0m] [1m           ^^^^^^^^^^^^^^^^^^^^^^^^^^^^^^^^^^^^^^^[0m [36mcmd_type[0m=[35melb[0m [36mconsumer[0m=[35mTrue[0m [36mjob_name[0m=[35mdev:tap-rest-api-msdk-to-target-parquet-api[0m [36mname[0m=[35mtarget-parquet-api[0m [36mproducer[0m=[35mFalse[0m [36mrun_id[0m=[35ma8448434-951b-43de-a4d4-2f4f8a14119b[0m [36mstdio[0m=[35mstderr[0m [36mstring_id[0m=[35mtarget-parquet-api[0m
[2m2025-06-11T04:27:10.270112Z[0m [[32m[1minfo     [0m] [1m  File "/home/alexandrersf/projects/checkpoint2_meltano/checkpoint2_meltano_code/.meltano/loaders/target-parquet/venv/lib/python3.12/site-packages/click/core.py", line 794, in invoke[0m [36mcmd_type[0m=[35melb[0m [36mconsumer[0m=[35mTrue[0m [36mjob_name[0m=[35mdev:tap-rest-api-msdk-to-target-parquet-api[0m [36mname[0m=[35mtarget-parquet-api[0m [36mproducer[0m=[35mFalse[0m [36mrun_id[0m=[35ma8448434-951b-43de-a4d4-2f4f8a14119b[0m [36mstdio[0m=[35mstderr[0m [36mstring_id[0m=[35mtarget-parquet-api[0m
[2m2025-06-11T04:27:10.270291Z[0m [[32m[1minfo     [0m] [1m    return callback(*args, **kwargs)[0m [36mcmd_type[0m=[35melb[0m [36mconsumer[0m=[35mTrue[0m [36mjob_name[0m=[35mdev:tap-rest-api-msdk-to-target-parquet-api[0m [36mname[0m=[35mtarget-parquet-api[0m [36mproducer[0m=[35mFalse[0m [36mrun_id[0m=[35ma8448434-951b-43de-a4d4-2f4f8a14119b[0m [36mstdio[0m=[35mstderr[0m [36mstring_id[0m=[35mtarget-parquet-api[0m
[2m2025-06-11T04:27:10.270429Z[0m [[32m[1minfo     [0m] [1m           ^^^^^^^^^^^^^^^^^^^^^^^^^[0m [36mcmd_type[0m=[35melb[0m [36mconsumer[0m=[35mTrue[0m [36mjob_name[0m=[35mdev:tap-rest-api-msdk-to-target-parquet-api[0m [36mname[0m=[35mtarget-parquet-api[0m [36mproducer[0m=[35mFalse[0m [36mrun_id[0m=[35ma8448434-951b-43de-a4d4-2f4f8a14119b[0m [36mstdio[0m=[35mstderr[0m [36mstring_id[0m=[35mtarget-parquet-api[0m
[2m2025-06-11T04:27:10.270530Z[0m [[32m[1minfo     [0m] [1m  File "/home/alexandrersf/projects/checkpoint2_meltano/checkpoint2_meltano_code/.meltano/loaders/target-parquet/venv/lib/python3.12/site-packages/singer_sdk/target_base.py", line 567, in invoke[0m [36mcmd_type[0m=[35melb[0m [36mconsumer[0m=[35mTrue[0m [36mjob_name[0m=[35mdev:tap-rest-api-msdk-to-target-parquet-api[0m [36mname[0m=[35mtarget-parquet-api[0m [36mproducer[0m=[35mFalse[0m [36mrun_id[0m=[35ma8448434-951b-43de-a4d4-2f4f8a14119b[0m [36mstdio[0m=[35mstderr[0m [36mstring_id[0m=[35mtarget-parquet-api[0m
[2m2025-06-11T04:27:10.270763Z[0m [[32m[1minfo     [0m] [1m    target.listen(file_input) [0m [36mcmd_type[0m=[35melb[0m [36mconsumer[0m=[35mTrue[0m [36mjob_name[0m=[35mdev:tap-rest-api-msdk-to-target-parquet-api[0m [36mname[0m=[35mtarget-parquet-api[0m [36mproducer[0m=[35mFalse[0m [36mrun_id[0m=[35ma8448434-951b-43de-a4d4-2f4f8a14119b[0m [36mstdio[0m=[35mstderr[0m [36mstring_id[0m=[35mtarget-parquet-api[0m
[2m2025-06-11T04:27:10.270888Z[0m [[32m[1minfo     [0m] [1m  File "/home/alexandrersf/projects/checkpoint2_meltano/checkpoint2_meltano_code/.meltano/loaders/target-parquet/venv/lib/python3.12/site-packages/singer_sdk/plugin_base.py", line 734, in listen[0m [36mcmd_type[0m=[35melb[0m [36mconsumer[0m=[35mTrue[0m [36mjob_name[0m=[35mdev:tap-rest-api-msdk-to-target-parquet-api[0m [36mname[0m=[35mtarget-parquet-api[0m [36mproducer[0m=[35mFalse[0m [36mrun_id[0m=[35ma8448434-951b-43de-a4d4-2f4f8a14119b[0m [36mstdio[0m=[35mstderr[0m [36mstring_id[0m=[35mtarget-parquet-api[0m
[2m2025-06-11T04:27:10.270990Z[0m [[32m[1minfo     [0m] [1m    counter = self.process_lines(file_input)[0m [36mcmd_type[0m=[35melb[0m [36mconsumer[0m=[35mTrue[0m [36mjob_name[0m=[35mdev:tap-rest-api-msdk-to-target-parquet-api[0m [36mname[0m=[35mtarget-parquet-api[0m [36mproducer[0m=[35mFalse[0m [36mrun_id[0m=[35ma8448434-951b-43de-a4d4-2f4f8a14119b[0m [36mstdio[0m=[35mstderr[0m [36mstring_id[0m=[35mtarget-parquet-api[0m
[2m2025-06-11T04:27:10.271096Z[0m [[32m[1minfo     [0m] [1m              ^^^^^^^^^^^^^^^^^^^^^^^^^^^^^^[0m [36mcmd_type[0m=[35melb[0m [36mconsumer[0m=[35mTrue[0m [36mjob_name[0m=[35mdev:tap-rest-api-msdk-to-target-parquet-api[0m [36mname[0m=[35mtarget-parquet-api[0m [36mproducer[0m=[35mFalse[0m [36mrun_id[0m=[35ma8448434-951b-43de-a4d4-2f4f8a14119b[0m [36mstdio[0m=[35mstderr[0m [36mstring_id[0m=[35mtarget-parquet-api[0m
[2m2025-06-11T04:27:10.271214Z[0m [[32m[1minfo     [0m] [1m  File "/home/alexandrersf/projects/checkpoint2_meltano/checkpoint2_meltano_code/.meltano/loaders/target-parquet/venv/lib/python3.12/site-packages/singer_sdk/plugin_base.py", line 759, in process_lines[0m [36mcmd_type[0m=[35melb[0m [36mconsumer[0m=[35mTrue[0m [36mjob_name[0m=[35mdev:tap-rest-api-msdk-to-target-parquet-api[0m [36mname[0m=[35mtarget-parquet-api[0m [36mproducer[0m=[35mFalse[0m [36mrun_id[0m=[35ma8448434-951b-43de-a4d4-2f4f8a14119b[0m [36mstdio[0m=[35mstderr[0m [36mstring_id[0m=[35mtarget-parquet-api[0m
[2m2025-06-11T04:27:10.271344Z[0m [[32m[1minfo     [0m] [1m    return self.message_reader.process_lines([0m [36mcmd_type[0m=[35melb[0m [36mconsumer[0m=[35mTrue[0m [36mjob_name[0m=[35mdev:tap-rest-api-msdk-to-target-parquet-api[0m [36mname[0m=[35mtarget-parquet-api[0m [36mproducer[0m=[35mFalse[0m [36mrun_id[0m=[35ma8448434-951b-43de-a4d4-2f4f8a14119b[0m [36mstdio[0m=[35mstderr[0m [36mstring_id[0m=[35mtarget-parquet-api[0m
[2m2025-06-11T04:27:10.271483Z[0m [[32m[1minfo     [0m] [1m           ^^^^^^^^^^^^^^^^^^^^^^^^^^^^^^^^^^[0m [36mcmd_type[0m=[35melb[0m [36mconsumer[0m=[35mTrue[0m [36mjob_name[0m=[35mdev:tap-rest-api-msdk-to-target-parquet-api[0m [36mname[0m=[35mtarget-parquet-api[0m [36mproducer[0m=[35mFalse[0m [36mrun_id[0m=[35ma8448434-951b-43de-a4d4-2f4f8a14119b[0m [36mstdio[0m=[35mstderr[0m [36mstring_id[0m=[35mtarget-parquet-api[0m
[2m2025-06-11T04:27:10.271587Z[0m [[32m[1minfo     [0m] [1m  File "/home/alexandrersf/projects/checkpoint2_meltano/checkpoint2_meltano_code/.meltano/loaders/target-parquet/venv/lib/python3.12/site-packages/singer_sdk/singerlib/encoding/base.py", line 70, in process_lines[0m [36mcmd_type[0m=[35melb[0m [36mconsumer[0m=[35mTrue[0m [36mjob_name[0m=[35mdev:tap-rest-api-msdk-to-target-parquet-api[0m [36mname[0m=[35mtarget-parquet-api[0m [36mproducer[0m=[35mFalse[0m [36mrun_id[0m=[35ma8448434-951b-43de-a4d4-2f4f8a14119b[0m [36mstdio[0m=[35mstderr[0m [36mstring_id[0m=[35mtarget-parquet-api[0m
[2m2025-06-11T04:27:10.271685Z[0m [[32m[1minfo     [0m] [1m    callback(line_dict)       [0m [36mcmd_type[0m=[35melb[0m [36mconsumer[0m=[35mTrue[0m [36mjob_name[0m=[35mdev:tap-rest-api-msdk-to-target-parquet-api[0m [36mname[0m=[35mtarget-parquet-api[0m [36mproducer[0m=[35mFalse[0m [36mrun_id[0m=[35ma8448434-951b-43de-a4d4-2f4f8a14119b[0m [36mstdio[0m=[35mstderr[0m [36mstring_id[0m=[35mtarget-parquet-api[0m
[2m2025-06-11T04:27:10.271846Z[0m [[32m[1minfo     [0m] [1m  File "/home/alexandrersf/projects/checkpoint2_meltano/checkpoint2_meltano_code/.meltano/loaders/target-parquet/venv/lib/python3.12/site-packages/singer_sdk/target_base.py", line 338, in _process_record_message[0m [36mcmd_type[0m=[35melb[0m [36mconsumer[0m=[35mTrue[0m [36mjob_name[0m=[35mdev:tap-rest-api-msdk-to-target-parquet-api[0m [36mname[0m=[35mtarget-parquet-api[0m [36mproducer[0m=[35mFalse[0m [36mrun_id[0m=[35ma8448434-951b-43de-a4d4-2f4f8a14119b[0m [36mstdio[0m=[35mstderr[0m [36mstring_id[0m=[35mtarget-parquet-api[0m
[2m2025-06-11T04:27:10.271957Z[0m [[32m[1minfo     [0m] [1m    sink._validate_and_parse(transformed_record)  # noqa: SLF001[0m [36mcmd_type[0m=[35melb[0m [36mconsumer[0m=[35mTrue[0m [36mjob_name[0m=[35mdev:tap-rest-api-msdk-to-target-parquet-api[0m [36mname[0m=[35mtarget-parquet-api[0m [36mproducer[0m=[35mFalse[0m [36mrun_id[0m=[35ma8448434-951b-43de-a4d4-2f4f8a14119b[0m [36mstdio[0m=[35mstderr[0m [36mstring_id[0m=[35mtarget-parquet-api[0m
[2m2025-06-11T04:27:10.272054Z[0m [[32m[1minfo     [0m] [1m    ^^^^^^^^^^^^^^^^^^^^^^^^^^^^^^^^^^^^^^^^^^^^[0m [36mcmd_type[0m=[35melb[0m [36mconsumer[0m=[35mTrue[0m [36mjob_name[0m=[35mdev:tap-rest-api-msdk-to-target-parquet-api[0m [36mname[0m=[35mtarget-parquet-api[0m [36mproducer[0m=[35mFalse[0m [36mrun_id[0m=[35ma8448434-951b-43de-a4d4-2f4f8a14119b[0m [36mstdio[0m=[35mstderr[0m [36mstring_id[0m=[35mtarget-parquet-api[0m
[2m2025-06-11T04:27:10.272162Z[0m [[32m[1minfo     [0m] [1m  File "/home/alexandrersf/projects/checkpoint2_meltano/checkpoint2_meltano_code/.meltano/loaders/target-parquet/venv/lib/python3.12/site-packages/singer_sdk/sinks/core.py", line 536, in _validate_and_parse[0m [36mcmd_type[0m=[35melb[0m [36mconsumer[0m=[35mTrue[0m [36mjob_name[0m=[35mdev:tap-rest-api-msdk-to-target-parquet-api[0m [36mname[0m=[35mtarget-parquet-api[0m [36mproducer[0m=[35mFalse[0m [36mrun_id[0m=[35ma8448434-951b-43de-a4d4-2f4f8a14119b[0m [36mstdio[0m=[35mstderr[0m [36mstring_id[0m=[35mtarget-parquet-api[0m
[2m2025-06-11T04:27:10.272301Z[0m [[32m[1minfo     [0m] [1m    self._validator.validate(record)[0m [36mcmd_type[0m=[35melb[0m [36mconsumer[0m=[35mTrue[0m [36mjob_name[0m=[35mdev:tap-rest-api-msdk-to-target-parquet-api[0m [36mname[0m=[35mtarget-parquet-api[0m [36mproducer[0m=[35mFalse[0m [36mrun_id[0m=[35ma8448434-951b-43de-a4d4-2f4f8a14119b[0m [36mstdio[0m=[35mstderr[0m [36mstring_id[0m=[35mtarget-parquet-api[0m
[2m2025-06-11T04:27:10.272399Z[0m [[32m[1minfo     [0m] [1m  File "/home/alexandrersf/projects/checkpoint2_meltano/checkpoint2_meltano_code/.meltano/loaders/target-parquet/venv/lib/python3.12/site-packages/singer_sdk/sinks/core.py", line 129, in validate[0m [36mcmd_type[0m=[35melb[0m [36mconsumer[0m=[35mTrue[0m [36mjob_name[0m=[35mdev:tap-rest-api-msdk-to-target-parquet-api[0m [36mname[0m=[35mtarget-parquet-api[0m [36mproducer[0m=[35mFalse[0m [36mrun_id[0m=[35ma8448434-951b-43de-a4d4-2f4f8a14119b[0m [36mstdio[0m=[35mstderr[0m [36mstring_id[0m=[35mtarget-parquet-api[0m
[2m2025-06-11T04:27:10.272505Z[0m [[32m[1minfo     [0m] [1m    raise InvalidRecord(e.message, record) from e[0m [36mcmd_type[0m=[35melb[0m [36mconsumer[0m=[35mTrue[0m [36mjob_name[0m=[35mdev:tap-rest-api-msdk-to-target-parquet-api[0m [36mname[0m=[35mtarget-parquet-api[0m [36mproducer[0m=[35mFalse[0m [36mrun_id[0m=[35ma8448434-951b-43de-a4d4-2f4f8a14119b[0m [36mstdio[0m=[35mstderr[0m [36mstring_id[0m=[35mtarget-parquet-api[0m
[2m2025-06-11T04:27:10.272604Z[0m [[32m[1minfo     [0m] [1msinger_sdk.exceptions.InvalidRecord: Record Message Validation Error: None is not of type 'integer'[0m [36mcmd_type[0m=[35melb[0m [36mconsumer[0m=[35mTrue[0m [36mjob_name[0m=[35mdev:tap-rest-api-msdk-to-target-parquet-api[0m [36mname[0m=[35mtarget-parquet-api[0m [36mproducer[0m=[35mFalse[0m [36mrun_id[0m=[35ma8448434-951b-43de-a4d4-2f4f8a14119b[0m [36mstdio[0m=[35mstderr[0m [36mstring_id[0m=[35mtarget-parquet-api[0m
[2m2025-06-11T04:27:10.440597Z[0m [[31m[1merror    [0m] [1m                              [0m
[31m╭─[0m[31m──────────────────────────────[0m[31m [0m[1;31mTraceback [0m[1;2;31m(most recent call last)[0m[31m [0m[31m───────────────────────────────[0m[31m─╮[0m
[31m│[0m [2m/home/alexandrersf/projects/checkpoint2_meltano/checkpoint2_meltano_code/venv/lib/python3.12/sit[0m [31m│[0m
[31m│[0m [2me-packages/meltano/core/logging/[0m[1moutput_logger.py[0m:217 in redirect_logging                         [31m│[0m
[31m│[0m                                                                                                  [31m│[0m
[31m│[0m   [2m214 [0m[2m│   │   │   [0m*ignore_errors,                                                                [31m│[0m
[31m│[0m   [2m215 [0m[2m│   │   [0m)                                                                                  [31m│[0m
[31m│[0m   [2m216 [0m[2m│   │   [0m[94mtry[0m:                                                                               [31m│[0m
[31m│[0m [31m❱ [0m217 [2m│   │   │   [0m[94myield[0m                                                                          [31m│[0m
[31m│[0m   [2m218 [0m[2m│   │   [0m[94mexcept[0m ignored_errors:                                                             [31m│[0m
[31m│[0m   [2m219 [0m[2m│   │   │   [0m[94mraise[0m                                                                          [31m│[0m
[31m│[0m   [2m220 [0m[2m│   │   [0m[94mexcept[0m RunnerError [94mas[0m err:                                                         [31m│[0m
[31m│[0m                                                                                                  [31m│[0m
[31m│[0m [2m/home/alexandrersf/projects/checkpoint2_meltano/checkpoint2_meltano_code/venv/lib/python3.12/sit[0m [31m│[0m
[31m│[0m [2me-packages/meltano/core/block/[0m[1mextract_load.py[0m:509 in run                                         [31m│[0m
[31m│[0m                                                                                                  [31m│[0m
[31m│[0m   [2m506 [0m[2m│   │   │   [0m[2m# TODO: legacy `meltano elt` style logging should be deprecated[0m                [31m│[0m
[31m│[0m   [2m507 [0m[2m│   │   │   [0mlegacy_log_handler = [96mself[0m.output_logger.out([33m"[0m[33mmeltano[0m[33m"[0m, logger)                 [31m│[0m
[31m│[0m   [2m508 [0m[2m│   │   │   [0m[1;4;94mwith[0m[1;4m legacy_log_handler.redirect_logging():[0m                                    [31m│[0m
[31m│[0m [31m❱ [0m509 [2m│   │   │   │   [0m[1;4;94mawait[0m[1;4m [0m[1;4;96mself[0m[1;4m.run_with_job()[0m                                                  [31m│[0m
[31m│[0m   [2m510 [0m[2m│   │   │   │   [0m[1;4;94mreturn[0m                                                                     [31m│[0m
[31m│[0m   [2m511 [0m[2m│   │   [0m[94melse[0m:                                                                              [31m│[0m
[31m│[0m   [2m512 [0m[2m│   │   │   [0mlogger.warning(                                                                [31m│[0m
[31m│[0m                                                                                                  [31m│[0m
[31m│[0m [2m/home/alexandrersf/projects/checkpoint2_meltano/checkpoint2_meltano_code/venv/lib/python3.12/sit[0m [31m│[0m
[31m│[0m [2me-packages/meltano/core/block/[0m[1mextract_load.py[0m:549 in run_with_job                                [31m│[0m
[31m│[0m                                                                                                  [31m│[0m
[31m│[0m   [2m546 [0m[2m│   │   [0m                                                                                   [31m│[0m
[31m│[0m   [2m547 [0m[2m│   │   [0m[94mwith[0m closing([96mself[0m.context.session) [94mas[0m session:                                     [31m│[0m
[31m│[0m   [2m548 [0m[2m│   │   │   [0m[94masync[0m [94mwith[0m job.run(session):                                                   [31m│[0m
[31m│[0m [31m❱ [0m549 [2m│   │   │   │   [0m[1;4;94mawait[0m[1;4m [0m[1;4;96mself[0m[1;4m.execute()[0m                                                       [31m│[0m
[31m│[0m   [2m550 [0m[2m│   [0m                                                                                       [31m│[0m
[31m│[0m   [2m551 [0m[2m│   [0m[94masync[0m [94mdef[0m[90m [0m[92mterminate[0m([96mself[0m, *, graceful: [96mbool[0m = [94mFalse[0m) -> [94mNone[0m:                          [31m│[0m
[31m│[0m   [2m552 [0m[2;90m│   │   [0m[33m"""Terminate an in flight ExtractLoad execution, potentially disruptive.[0m           [31m│[0m
[31m│[0m                                                                                                  [31m│[0m
[31m│[0m [2m/home/alexandrersf/projects/checkpoint2_meltano/checkpoint2_meltano_code/venv/lib/python3.12/sit[0m [31m│[0m
[31m│[0m [2me-packages/meltano/core/block/[0m[1mextract_load.py[0m:501 in execute                                     [31m│[0m
[31m│[0m                                                                                                  [31m│[0m
[31m│[0m   [2m498 [0m[2m│   │   [0m[94masync[0m [94mwith[0m [96mself[0m._start_blocks():                                                   [31m│[0m
[31m│[0m   [2m499 [0m[2m│   │   │   [0m[94mawait[0m [96mself[0m._link_io()                                                          [31m│[0m
[31m│[0m   [2m500 [0m[2m│   │   │   [0mmanager = ELBExecutionManager([96mself[0m)                                            [31m│[0m
[31m│[0m [31m❱ [0m501 [2m│   │   │   [0m[1;4;94mawait[0m[1;4m manager.run()[0m                                                            [31m│[0m
[31m│[0m   [2m502 [0m[2m│   [0m                                                                                       [31m│[0m
[31m│[0m   [2m503 [0m[2m│   [0m[94masync[0m [94mdef[0m[90m [0m[92mrun[0m([96mself[0m) -> [94mNone[0m:                                                           [31m│[0m
[31m│[0m   [2m504 [0m[2;90m│   │   [0m[33m"""Run the ELT task."""[0m                                                            [31m│[0m
[31m│[0m                                                                                                  [31m│[0m
[31m│[0m [2m/home/alexandrersf/projects/checkpoint2_meltano/checkpoint2_meltano_code/venv/lib/python3.12/sit[0m [31m│[0m
[31m│[0m [2me-packages/meltano/core/block/[0m[1mextract_load.py[0m:716 in run                                         [31m│[0m
[31m│[0m                                                                                                  [31m│[0m
[31m│[0m   [2m713 [0m[2;33m│   │   [0m[33mfor IO to complete as appropriate. Expect a RunnerError to be raised if[0m            [31m│[0m
[31m│[0m   [2m714 [0m[2;33m│   │   [0m[33many of the blocks exit with a non 0 exit code.[0m                                     [31m│[0m
[31m│[0m   [2m715 [0m[2;33m│   │   [0m[33m"""[0m                                                                                [31m│[0m
[31m│[0m [31m❱ [0m716 [2m│   │   [0m[1;4;94mawait[0m[1;4m [0m[1;4;96mself[0m[1;4m._wait_for_process_completion([0m[1;4;96mself[0m[1;4m.elb.head)[0m                             [31m│[0m
[31m│[0m   [2m717 [0m[2m│   │   [0m_check_exit_codes(                                                                 [31m│[0m
[31m│[0m   [2m718 [0m[2m│   │   │   [0m[96mself[0m._producer_code,                                                           [31m│[0m
[31m│[0m   [2m719 [0m[2m│   │   │   [0m[96mself[0m._consumer_code,                                                           [31m│[0m
[31m│[0m                                                                                                  [31m│[0m
[31m│[0m [2m/home/alexandrersf/projects/checkpoint2_meltano/checkpoint2_meltano_code/venv/lib/python3.12/sit[0m [31m│[0m
[31m│[0m [2me-packages/meltano/core/block/[0m[1mextract_load.py[0m:789 in _wait_for_process_completion                [31m│[0m
[31m│[0m                                                                                                  [31m│[0m
[31m│[0m   [2m786 [0m[2m│   │   │   │   │   [0mline_length_limit=[96mself[0m.line_length_limit,                              [31m│[0m
[31m│[0m   [2m787 [0m[2m│   │   │   │   │   [0mstream_buffer_size=[96mself[0m.stream_buffer_size,                            [31m│[0m
[31m│[0m   [2m788 [0m[2m│   │   │   │   [0m)                                                                          [31m│[0m
[31m│[0m [31m❱ [0m789 [2m│   │   │   [0m[1;4;94mraise[0m[1;4m output_futures_failed.exception()[0m                                        [31m│[0m
[31m│[0m   [2m790 [0m[2m│   │   [0m                                                                                   [31m│[0m
[31m│[0m   [2m791 [0m[2m│   │   [0m[2m# If all the output handlers completed without raising an[0m                          [31m│[0m
[31m│[0m   [2m792 [0m[2m│   │   [0m[2m# exception, we still need to wait for all the underlying block[0m                    [31m│[0m
[31m│[0m                                                                                                  [31m│[0m
[31m│[0m [2m/home/alexandrersf/projects/checkpoint2_meltano/checkpoint2_meltano_code/venv/lib/python3.12/sit[0m [31m│[0m
[31m│[0m [2me-packages/meltano/core/logging/[0m[1mutils.py[0m:305 in capture_subprocess_output                        [31m│[0m
[31m│[0m                                                                                                  [31m│[0m
[31m│[0m   [2m302 [0m[2m│   │   │   [0m[94mcontinue[0m                                                                       [31m│[0m
[31m│[0m   [2m303 [0m[2m│   │   [0m                                                                                   [31m│[0m
[31m│[0m   [2m304 [0m[2m│   │   [0m[94mfor[0m writer [95min[0m line_writers:                                                        [31m│[0m
[31m│[0m [31m❱ [0m305 [2m│   │   │   [0m[94mif[0m [95mnot[0m [1;4;94mawait[0m[1;4m _write_line_writer(writer, line)[0m:                                 [31m│[0m
[31m│[0m   [2m306 [0m[2m│   │   │   │   [0m[2m# If the destination stream is closed, we can stop capturing output.[0m       [31m│[0m
[31m│[0m   [2m307 [0m[2m│   │   │   │   [0m[94mreturn[0m                                                                     [31m│[0m
[31m│[0m   [2m308 [0m                                                                                           [31m│[0m
[31m│[0m                                                                                                  [31m│[0m
[31m│[0m [2m/home/alexandrersf/projects/checkpoint2_meltano/checkpoint2_meltano_code/venv/lib/python3.12/sit[0m [31m│[0m
[31m│[0m [2me-packages/meltano/core/logging/[0m[1mutils.py[0m:273 in _write_line_writer                               [31m│[0m
[31m│[0m                                                                                                  [31m│[0m
[31m│[0m   [2m270 [0m[2m│   │   │   [0mwriter.write(line)                                                             [31m│[0m
[31m│[0m   [2m271 [0m[2m│   │   │   [0m[94mawait[0m writer.drain()                                                           [31m│[0m
[31m│[0m   [2m272 [0m[2m│   │   [0m[94mexcept[0m ([96mBrokenPipeError[0m, [96mConnectionResetError[0m):                                    [31m│[0m
[31m│[0m [31m❱ [0m273 [2m│   │   │   [0m[1;4;94mawait[0m[1;4m writer.wait_closed()[0m                                                     [31m│[0m
[31m│[0m   [2m274 [0m[2m│   │   │   [0m[94mreturn[0m [94mFalse[0m                                                                   [31m│[0m
[31m│[0m   [2m275 [0m[2m│   [0m[94melse[0m:                                                                                  [31m│[0m
[31m│[0m   [2m276 [0m[2m│   │   [0mwriter.writeline(line.decode(errors=[33m"[0m[33mreplace[0m[33m"[0m))                                    [31m│[0m
[31m│[0m                                                                                                  [31m│[0m
[31m│[0m [2m/usr/lib/python3.12/asyncio/[0m[1mstreams.py[0m:364 in wait_closed                                        [31m│[0m
[31m│[0m                                                                                                  [31m│[0m
[31m│[0m   [2m361 [0m[2m│   │   [0m[94mreturn[0m [96mself[0m._transport.is_closing()                                                [31m│[0m
[31m│[0m   [2m362 [0m[2m│   [0m                                                                                       [31m│[0m
[31m│[0m   [2m363 [0m[2m│   [0m[94masync[0m [94mdef[0m[90m [0m[92mwait_closed[0m([96mself[0m):                                                           [31m│[0m
[31m│[0m [31m❱ [0m364 [2m│   │   [0m[1;4;94mawait[0m[1;4m [0m[1;4;96mself[0m[1;4m._protocol._get_close_waiter([0m[1;4;96mself[0m[1;4m)[0m                                       [31m│[0m
[31m│[0m   [2m365 [0m[2m│   [0m                                                                                       [31m│[0m
[31m│[0m   [2m366 [0m[2m│   [0m[94mdef[0m[90m [0m[92mget_extra_info[0m([96mself[0m, name, default=[94mNone[0m):                                          [31m│[0m
[31m│[0m   [2m367 [0m[2m│   │   [0m[94mreturn[0m [96mself[0m._transport.get_extra_info(name, default)                               [31m│[0m
[31m╰──────────────────────────────────────────────────────────────────────────────────────────────────╯[0m
[1;91mBrokenPipeError[0m

Need help fixing this problem? Visit http://melta.no/ for troubleshooting steps, or to
join our friendly Slack community.


